app/build/intermediates/manifest_merge_blame_file/debug/manifest-merger-blame-debug-report.txt
1<?xml version="1.0" encoding="utf-8"?>
2<manifest xmlns:android="http://schemas.android.com/apk/res/android"
3    package="com.d100.moviesappprova"
4    android:versionCode="1"
5    android:versionName="1.0" >
6
7    <uses-sdk
8        android:minSdkVersion="28"
8-->src\main\AndroidManifest.xml
9        android:targetSdkVersion="29" />
9-->src\main\AndroidManifest.xml
10
11    <uses-permission android:name="android.permission.INTERNET" />
11-->src\main\AndroidManifest.xml:5:5-66
11-->src\main\AndroidManifest.xml:5:22-64
12
13    <application
13-->src\main\AndroidManifest.xml:7:5-28:19
14        android:allowBackup="true"
14-->src\main\AndroidManifest.xml:8:9-35
15        android:appComponentFactory="androidx.core.app.CoreComponentFactory"
15-->[androidx.core:core:1.1.0] AndroidManifest.xml:24:18-86
16        android:debuggable="true"
17        android:extractNativeLibs="false"
18        android:icon="@mipmap/ic_launcher"
18-->src\main\AndroidManifest.xml:9:9-43
19        android:label="@string/app_name"
19-->src\main\AndroidManifest.xml:10:9-41
20        android:roundIcon="@mipmap/ic_launcher_round"
20-->src\main\AndroidManifest.xml:11:9-54
21        android:supportsRtl="true"
21-->src\main\AndroidManifest.xml:12:9-35
22        android:testOnly="true"
23        android:theme="@style/AppTheme" >
23-->src\main\AndroidManifest.xml:13:9-40
24        <activity android:name="com.d100.moviesappprova.activity.SettingsActivity" />
24-->src\main\AndroidManifest.xml:14:9-72
24-->src\main\AndroidManifest.xml:14:19-60
25        <activity
25-->src\main\AndroidManifest.xml:15:9-104
26            android:name="com.d100.moviesappprova.activity.DetailActivity"
26-->src\main\AndroidManifest.xml:15:19-58
27            android:theme="@style/AppTheme.NoActionBar" />
27-->src\main\AndroidManifest.xml:15:59-102
28        <activity android:name="com.d100.moviesappprova.activity.MainActivity" >
28-->src\main\AndroidManifest.xml:16:9-22:20
28-->src\main\AndroidManifest.xml:16:19-56
29            <intent-filter>
29-->src\main\AndroidManifest.xml:17:13-21:29
30                <action android:name="android.intent.action.MAIN" />
30-->src\main\AndroidManifest.xml:18:17-69
30-->src\main\AndroidManifest.xml:18:25-66
31
32                <category android:name="android.intent.category.LAUNCHER" />
32-->src\main\AndroidManifest.xml:20:17-77
32-->src\main\AndroidManifest.xml:20:27-74
33            </intent-filter>
34        </activity>
35
36        <provider
36-->src\main\AndroidManifest.xml:24:9-27:39
37            android:name="com.d100.moviesappprova.data.Provider"
37-->src\main\AndroidManifest.xml:25:13-42
38            android:authorities="com.d100.moviesappprova.data.Provider"
38-->src\main\AndroidManifest.xml:26:13-72
39            android:exported="true" />
39-->src\main\AndroidManifest.xml:27:13-36
40    </application>
41
42</manifest>